<?xml version="1.0" encoding="utf-8"?><testsuites name="pytest tests"><testsuite name="pytest" errors="0" failures="0" skipped="0" tests="7" time="0.044" timestamp="2025-11-24T10:29:56.563508+01:00" hostname="HOMEGYOR"><testcase classname="tests.test_chunk_extraction" name="test_extraction_successful" time="0.014" /><testcase classname="tests.test_chunk_extraction" name="test_chunk_completeness" time="0.000" /><testcase classname="tests.test_chunk_extraction" name="test_multiple_chunks_complete" time="0.000" /><testcase classname="tests.test_chunk_extraction" name="test_all_chunks_have_content" time="0.000" /><testcase classname="tests.test_chunk_extraction" name="test_chunk_similarity_scores" time="0.000" /><testcase classname="tests.test_chunk_extraction" name="test_chunk_metadata_complete" time="0.000" /><testcase classname="tests.test_chunk_extraction" name="test_chunk_extraction_consistency" time="0.000" /></testsuite></testsuites>