<?xml version="1.0" encoding="utf-8"?><testsuites name="pytest tests"><testsuite name="pytest" errors="0" failures="0" skipped="0" tests="15" time="0.059" timestamp="2025-11-24T12:06:23.223895+01:00" hostname="HOMEGYOR"><testcase classname="tests.test_chunk_extraction" name="test_extraction_successful" time="0.015" /><testcase classname="tests.test_chunk_extraction" name="test_chunk_completeness" time="0.000" /><testcase classname="tests.test_chunk_extraction" name="test_multiple_chunks_complete" time="0.000" /><testcase classname="tests.test_chunk_extraction" name="test_all_chunks_have_content" time="0.000" /><testcase classname="tests.test_chunk_extraction" name="test_chunk_similarity_scores" time="0.000" /><testcase classname="tests.test_chunk_extraction" name="test_chunk_metadata_complete" time="0.000" /><testcase classname="tests.test_chunk_extraction" name="test_chunk_extraction_consistency" time="0.000" /><testcase classname="tests.verify_random_chunks" name="test_random_chunks_available" time="0.014" /><testcase classname="tests.verify_random_chunks" name="test_random_chunks_substantial_length" time="0.000" /><testcase classname="tests.verify_random_chunks" name="test_random_chunks_have_newlines" time="0.000" /><testcase classname="tests.verify_random_chunks" name="test_random_chunks_end_correctly" time="0.000" /><testcase classname="tests.verify_random_chunks" name="test_random_chunks_word_count" time="0.000" /><testcase classname="tests.verify_random_chunks" name="test_random_chunks_not_empty" time="0.000" /><testcase classname="tests.verify_random_chunks" name="test_random_chunks_metadata_valid" time="0.000" /><testcase classname="tests.verify_random_chunks" name="test_random_chunks_formatting_consistent" time="0.000" /></testsuite></testsuites>